[2018-06-13 20:03:52,433] INFO [Group Metadata Manager on Broker 0]: Removed 0 expired offsets in 1 milliseconds. (kafka.coordinator.group.GroupMetadataManager)
[2018-06-13 20:11:34,141] INFO [Kafka Server 0], shutting down (kafka.server.KafkaServer)
[2018-06-13 20:11:34,154] INFO [Kafka Server 0], Starting controlled shutdown (kafka.server.KafkaServer)
[2018-06-13 20:11:34,191] INFO [Kafka Server 0], Controlled shutdown succeeded (kafka.server.KafkaServer)
[2018-06-13 20:11:34,194] INFO [Socket Server on Broker 0], Shutting down (kafka.network.SocketServer)
[2018-06-13 20:11:34,209] INFO [Socket Server on Broker 0], Shutdown completed (kafka.network.SocketServer)
[2018-06-13 20:11:34,210] INFO [Kafka Request Handler on Broker 0], shutting down (kafka.server.KafkaRequestHandlerPool)
[2018-06-13 20:11:34,217] INFO [Kafka Request Handler on Broker 0], shut down completely (kafka.server.KafkaRequestHandlerPool)
[2018-06-13 20:11:34,219] INFO [ThrottledRequestReaper-Fetch]: Shutting down (kafka.server.ClientQuotaManager$ThrottledRequestReaper)
[2018-06-13 20:11:35,195] INFO [ThrottledRequestReaper-Fetch]: Stopped (kafka.server.ClientQuotaManager$ThrottledRequestReaper)
[2018-06-13 20:11:35,195] INFO [ThrottledRequestReaper-Fetch]: Shutdown completed (kafka.server.ClientQuotaManager$ThrottledRequestReaper)
[2018-06-13 20:11:35,195] INFO [ThrottledRequestReaper-Produce]: Shutting down (kafka.server.ClientQuotaManager$ThrottledRequestReaper)
[2018-06-13 20:11:35,200] INFO [ThrottledRequestReaper-Produce]: Stopped (kafka.server.ClientQuotaManager$ThrottledRequestReaper)
[2018-06-13 20:11:35,200] INFO [ThrottledRequestReaper-Produce]: Shutdown completed (kafka.server.ClientQuotaManager$ThrottledRequestReaper)
[2018-06-13 20:11:35,200] INFO [ThrottledRequestReaper-Request]: Shutting down (kafka.server.ClientQuotaManager$ThrottledRequestReaper)
[2018-06-13 20:11:36,200] INFO [ThrottledRequestReaper-Request]: Stopped (kafka.server.ClientQuotaManager$ThrottledRequestReaper)
[2018-06-13 20:11:36,200] INFO [ThrottledRequestReaper-Request]: Shutdown completed (kafka.server.ClientQuotaManager$ThrottledRequestReaper)
[2018-06-13 20:11:36,201] INFO [KafkaApi-0] Shutdown complete. (kafka.server.KafkaApis)
[2018-06-13 20:11:36,204] INFO [ExpirationReaper-0-topic]: Shutting down (kafka.server.DelayedOperationPurgatory$ExpiredOperationReaper)
[2018-06-13 20:11:36,357] INFO [ExpirationReaper-0-topic]: Stopped (kafka.server.DelayedOperationPurgatory$ExpiredOperationReaper)
[2018-06-13 20:11:36,357] INFO [ExpirationReaper-0-topic]: Shutdown completed (kafka.server.DelayedOperationPurgatory$ExpiredOperationReaper)
[2018-06-13 20:11:36,361] INFO [Transaction Coordinator 0]: Shutting down. (kafka.coordinator.transaction.TransactionCoordinator)
[2018-06-13 20:11:36,362] INFO [ProducerId Manager 0]: Shutdown complete: last producerId assigned 0 (kafka.coordinator.transaction.ProducerIdManager)
[2018-06-13 20:11:36,363] INFO [Transaction State Manager 0]: Shutdown complete (kafka.coordinator.transaction.TransactionStateManager)
[2018-06-13 20:11:36,363] INFO [Transaction Marker Channel Manager 0]: Shutting down (kafka.coordinator.transaction.TransactionMarkerChannelManager)
[2018-06-13 20:11:36,364] INFO [Transaction Marker Channel Manager 0]: Stopped (kafka.coordinator.transaction.TransactionMarkerChannelManager)
[2018-06-13 20:11:36,364] INFO [Transaction Marker Channel Manager 0]: Shutdown completed (kafka.coordinator.transaction.TransactionMarkerChannelManager)
[2018-06-13 20:11:36,364] INFO [Transaction Coordinator 0]: Shutdown complete. (kafka.coordinator.transaction.TransactionCoordinator)
[2018-06-13 20:11:36,365] INFO [GroupCoordinator 0]: Shutting down. (kafka.coordinator.group.GroupCoordinator)
[2018-06-13 20:11:36,366] INFO [ExpirationReaper-0-Heartbeat]: Shutting down (kafka.server.DelayedOperationPurgatory$ExpiredOperationReaper)
[2018-06-13 20:11:36,563] INFO [ExpirationReaper-0-Heartbeat]: Stopped (kafka.server.DelayedOperationPurgatory$ExpiredOperationReaper)
[2018-06-13 20:11:36,563] INFO [ExpirationReaper-0-Heartbeat]: Shutdown completed (kafka.server.DelayedOperationPurgatory$ExpiredOperationReaper)
[2018-06-13 20:11:36,563] INFO [ExpirationReaper-0-Rebalance]: Shutting down (kafka.server.DelayedOperationPurgatory$ExpiredOperationReaper)
[2018-06-13 20:11:36,756] INFO [ExpirationReaper-0-Rebalance]: Stopped (kafka.server.DelayedOperationPurgatory$ExpiredOperationReaper)
[2018-06-13 20:11:36,756] INFO [ExpirationReaper-0-Rebalance]: Shutdown completed (kafka.server.DelayedOperationPurgatory$ExpiredOperationReaper)
[2018-06-13 20:11:36,757] INFO [GroupCoordinator 0]: Shutdown complete. (kafka.coordinator.group.GroupCoordinator)
[2018-06-13 20:11:36,758] INFO [Replica Manager on Broker 0]: Shutting down (kafka.server.ReplicaManager)
[2018-06-13 20:11:36,760] INFO [ReplicaFetcherManager on broker 0] shutting down (kafka.server.ReplicaFetcherManager)
[2018-06-13 20:11:36,764] INFO [ReplicaFetcherManager on broker 0] shutdown completed (kafka.server.ReplicaFetcherManager)
[2018-06-13 20:11:36,765] INFO [ExpirationReaper-0-Fetch]: Shutting down (kafka.server.DelayedOperationPurgatory$ExpiredOperationReaper)
[2018-06-13 20:11:36,777] INFO [ExpirationReaper-0-Fetch]: Stopped (kafka.server.DelayedOperationPurgatory$ExpiredOperationReaper)
[2018-06-13 20:11:36,777] INFO [ExpirationReaper-0-Fetch]: Shutdown completed (kafka.server.DelayedOperationPurgatory$ExpiredOperationReaper)
[2018-06-13 20:11:36,777] INFO [ExpirationReaper-0-Produce]: Shutting down (kafka.server.DelayedOperationPurgatory$ExpiredOperationReaper)
[2018-06-13 20:11:36,957] INFO [ExpirationReaper-0-Produce]: Stopped (kafka.server.DelayedOperationPurgatory$ExpiredOperationReaper)
[2018-06-13 20:11:36,957] INFO [ExpirationReaper-0-Produce]: Shutdown completed (kafka.server.DelayedOperationPurgatory$ExpiredOperationReaper)
[2018-06-13 20:11:36,958] INFO [ExpirationReaper-0-DeleteRecords]: Shutting down (kafka.server.DelayedOperationPurgatory$ExpiredOperationReaper)
[2018-06-13 20:11:36,994] INFO [ExpirationReaper-0-DeleteRecords]: Stopped (kafka.server.DelayedOperationPurgatory$ExpiredOperationReaper)
[2018-06-13 20:11:36,994] INFO [ExpirationReaper-0-DeleteRecords]: Shutdown completed (kafka.server.DelayedOperationPurgatory$ExpiredOperationReaper)
[2018-06-13 20:11:37,002] INFO [Replica Manager on Broker 0]: Shut down completely (kafka.server.ReplicaManager)
[2018-06-13 20:11:37,003] INFO Shutting down. (kafka.log.LogManager)
[2018-06-13 20:11:37,015] INFO Shutdown complete. (kafka.log.LogManager)
[2018-06-13 20:11:37,020] INFO Terminate ZkClient event thread. (org.I0Itec.zkclient.ZkEventThread)
[2018-06-13 20:11:37,021] INFO Processed session termination for sessionid: 0x163f7de11e50006 (org.apache.zookeeper.server.PrepRequestProcessor)
[2018-06-13 20:11:37,058] INFO Closed socket connection for client /127.0.0.1:34036 which had sessionid 0x163f7de11e50006 (org.apache.zookeeper.server.NIOServerCnxn)
[2018-06-13 20:11:37,058] INFO Session: 0x163f7de11e50006 closed (org.apache.zookeeper.ZooKeeper)
[2018-06-13 20:11:37,058] INFO EventThread shut down for session: 0x163f7de11e50006 (org.apache.zookeeper.ClientCnxn)
[2018-06-13 20:11:37,061] INFO [Kafka Server 0], shut down completed (kafka.server.KafkaServer)
[2018-06-13 20:11:37,061] INFO NIOServerCnxn factory exited run method (org.apache.zookeeper.server.NIOServerCnxnFactory)
[2018-06-13 20:11:37,062] INFO shutting down (org.apache.zookeeper.server.ZooKeeperServer)
[2018-06-13 20:11:37,062] INFO Shutting down (org.apache.zookeeper.server.SessionTrackerImpl)
[2018-06-13 20:11:37,062] INFO Shutting down (org.apache.zookeeper.server.PrepRequestProcessor)
[2018-06-13 20:11:37,062] INFO PrepRequestProcessor exited loop! (org.apache.zookeeper.server.PrepRequestProcessor)
[2018-06-13 20:11:37,062] INFO Shutting down (org.apache.zookeeper.server.SyncRequestProcessor)
[2018-06-13 20:11:37,062] INFO SyncRequestProcessor exited! (org.apache.zookeeper.server.SyncRequestProcessor)
[2018-06-13 20:11:37,062] INFO shutdown of request processor complete (org.apache.zookeeper.server.FinalRequestProcessor)
